生成启动时间为 2017/11/24 10:30:25。
     1>项目“f:\vs2012\Projects\MFCApp1\MFCApp1\MFCApp1.vcxproj”在节点 2 上(Build 个目标)。
     1>ClCompile:
         D:\Program Files (x86)\Microsoft Visual Studio 11.0\VC\bin\CL.exe /c /ZI /nologo /W3 /WX- /sdl /Od /Oy- /D WIN32 /D _WINDOWS /D _DEBUG /D _UNICODE /D UNICODE /D _AFXDLL /Gm /EHsc /RTC1 /MDd /GS /fp:precise /Zc:wchar_t /Zc:forScope /Yc"stdafx.h" /Fp"Debug\MFCApp1.pch" /Fo"Debug\\" /Fd"Debug\vc110.pdb" /Gd /TP /analyze- /errorReport:prompt stdafx.cpp
         stdafx.cpp
         D:\Program Files (x86)\Microsoft Visual Studio 11.0\VC\bin\CL.exe /c /ZI /nologo /W3 /WX- /sdl /Od /Oy- /D WIN32 /D _WINDOWS /D _DEBUG /D _UNICODE /D UNICODE /D _AFXDLL /Gm /EHsc /RTC1 /MDd /GS /fp:precise /Zc:wchar_t /Zc:forScope /Yu"stdafx.h" /Fp"Debug\MFCApp1.pch" /Fo"Debug\\" /Fd"Debug\vc110.pdb" /Gd /TP /analyze- /errorReport:prompt MFCApp1.cpp MFCApp1Dlg.cpp
         MFCApp1Dlg.cpp
         MFCApp1.cpp
         正在生成代码...
       ResourceCompile:
         C:\Program Files (x86)\Windows Kits\8.0\bin\x86\rc.exe /D _DEBUG /D _UNICODE /D UNICODE /D _AFXDLL /l"0x0804" /IDebug\ /nologo /fo"Debug\MFCApp1.res" MFCApp1.rc 
       Link:
         D:\Program Files (x86)\Microsoft Visual Studio 11.0\VC\bin\link.exe /ERRORREPORT:PROMPT /OUT:"f:\vs2012\Projects\MFCApp1\Debug\MFCApp1.exe" /INCREMENTAL /NOLOGO /MANIFEST /MANIFESTUAC:"level='asInvoker' uiAccess='false'" /manifest:embed /manifestinput:"D:\Program Files (x86)\Microsoft Visual Studio 11.0\VC\Include\Manifest\dpiaware.manifest" /DEBUG /PDB:"f:\vs2012\Projects\MFCApp1\Debug\MFCApp1.pdb" /SUBSYSTEM:WINDOWS /TLBID:1 /ENTRY:"wWinMainCRTStartup" /DYNAMICBASE /NXCOMPAT /IMPLIB:"f:\vs2012\Projects\MFCApp1\Debug\MFCApp1.lib" /MACHINE:X86 Debug\MFCApp1.res
         Debug\MFCApp1.obj
         Debug\MFCApp1Dlg.obj
         Debug\stdafx.obj
         MFCApp1.vcxproj -> f:\vs2012\Projects\MFCApp1\Debug\MFCApp1.exe
     1>已完成生成项目“f:\vs2012\Projects\MFCApp1\MFCApp1\MFCApp1.vcxproj”(Build 个目标)的操作。

生成成功。

已用时间 00:00:16.87
